Arguments: 
  /usr/bin/node /home/jack/.yarn/bin/yarn.js

PATH: 
  /home/jack/gems/bin:/home/jack/.yarn/bin:/home/jack/.config/yarn/global/node_modules/.bin:/usr/local/sbin:/usr/local/bin:/usr/sbin:/usr/bin:/sbin:/bin:/usr/games:/usr/local/games:/snap/bin:/home/jack/.local/bin:/home/user_directory/Android/Sdk/tools:/home/user_directory/Android/Sdk/platform-tools:/home/jack/Android/Sdk/platform-tools:/home/jack/Android/Sdk/tools:/home/jack/npm/bin

Yarn version: 
  1.19.1

Node version: 
  8.16.0

Platform: 
  linux x64

Trace: 
  SyntaxError: /home/jack/git/movie-lisitings/package.json: Unexpected token } in JSON at position 381
      at JSON.parse (<anonymous>)
      at /home/jack/.yarn/lib/cli.js:1625:59
      at Generator.next (<anonymous>)
      at step (/home/jack/.yarn/lib/cli.js:304:30)
      at /home/jack/.yarn/lib/cli.js:315:13
      at <anonymous>

npm manifest: 
  {
    "name": "movie-lisitings",
    "version": "1.0.0",
    "description": "Find out what movies are now showing with the TMDb API!",
    "main": "dist/bundle.js",
    "repository": "git@github.com:murpjack/movie-lisitings.git",
    "author": "Jack Murphy <jackmurphy756@gmail.com>",
    "license": "MIT",
    "private": false,
    "scripts": {
      "build": "webpack --config webpack.config.js",
    },
    "keywords": [
      "Movies", "TMDb api", "Fluture", "React"
    ],
    "babel": {
      "presets": [
        "@babel/preset-env",
        "@babel/preset-react"
      ]
    },
    "dependencies": {
      "@babel/core": "^7.5.5",
      "@babel/preset-env": "^7.5.5",
      "@babel/preset-react": "^7.0.0",
      "babel-loader": "^8.0.6",
      "copy-webpack-plugin": "^5.0.4",
      "css-loader": "^2.1.1",
      "eslint": "^6.1.0",
      "eslint-config-prettier": "^6.0.0",
      "eslint-plugin-prettier": "^3.1.0",
      "eslint-plugin-react": "^7.14.3",
      "file-loader": "^4.2.0",
      "html-webpack-plugin": "^3.2.0",
      "node-sass": "^4.12.0",
      "prettier": "^1.18.2",
      "prop-types": "^15.7.2",
      "fluture": "^12.1.1",
      "react": "^16.12.0",
      "react-dom": "^16.12.0",
      "sass-loader": "^7.1.0",
      "style-loader": "^0.23.1",
      "url-loader": "^2.1.0",
      "webpack": "^4.39.1",
      "webpack-cli": "^3.3.6",
      "webpack-dev-server": "^3.7.2"
    }
  }

yarn manifest: 
  No manifest

Lockfile: 
  # THIS IS AN AUTOGENERATED FILE. DO NOT EDIT THIS FILE DIRECTLY.
  # yarn lockfile v1
  
  
  fluture@^12.1.1:
    version "12.1.1"
    resolved "https://registry.yarnpkg.com/fluture/-/fluture-12.1.1.tgz#9e1ccf7ed67ef79fe94e634155f84077514482c9"
    integrity sha512-fj2a48sR/r8lfgauiz3FGDqmF9tt66UAVbRb4j42LGg1qcuEyTFdzlH6HsJh8aDrrc0bcXw86OgIfhu6tcpqRA==
    dependencies:
      sanctuary-show "^1.0.0"
      sanctuary-type-identifiers "^2.0.0"
  
  "js-tokens@^3.0.0 || ^4.0.0":
    version "4.0.0"
    resolved "https://registry.yarnpkg.com/js-tokens/-/js-tokens-4.0.0.tgz#19203fb59991df98e3a287050d4647cdeaf32499"
    integrity sha512-RdJUflcE3cUzKiMqQgsCu06FPu9UdIJO0beYbPhHN4k6apgJtifcoCtT9bcxOpYBtpD2kCM6Sbzg4CausW/PKQ==
  
  loose-envify@^1.1.0, loose-envify@^1.4.0:
    version "1.4.0"
    resolved "https://registry.yarnpkg.com/loose-envify/-/loose-envify-1.4.0.tgz#71ee51fa7be4caec1a63839f7e682d8132d30caf"
    integrity sha512-lyuxPGr/Wfhrlem2CL/UcnUc1zcqKAImBDzukY7Y5F/yQiNdko6+fRLevlw1HgMySw7f611UIY408EtxRSoK3Q==
    dependencies:
      js-tokens "^3.0.0 || ^4.0.0"
  
  object-assign@^4.1.1:
    version "4.1.1"
    resolved "https://registry.yarnpkg.com/object-assign/-/object-assign-4.1.1.tgz#2109adc7965887cfc05cbbd442cac8bfbb360863"
    integrity sha1-IQmtx5ZYh8/AXLvUQsrIv7s2CGM=
  
  prop-types@^15.6.2:
    version "15.7.2"
    resolved "https://registry.yarnpkg.com/prop-types/-/prop-types-15.7.2.tgz#52c41e75b8c87e72b9d9360e0206b99dcbffa6c5"
    integrity sha512-8QQikdH7//R2vurIJSutZ1smHYTcLpRWEOlHnzcWHmBYrOGUysKwSsrC89BCiFj3CbrfJ/nXFdJepOVrY1GCHQ==
    dependencies:
      loose-envify "^1.4.0"
      object-assign "^4.1.1"
      react-is "^16.8.1"
  
  react-dom@^16.12.0:
    version "16.12.0"
    resolved "https://registry.yarnpkg.com/react-dom/-/react-dom-16.12.0.tgz#0da4b714b8d13c2038c9396b54a92baea633fe11"
    integrity sha512-LMxFfAGrcS3kETtQaCkTKjMiifahaMySFDn71fZUNpPHZQEzmk/GiAeIT8JSOrHB23fnuCOMruL2a8NYlw+8Gw==
    dependencies:
      loose-envify "^1.1.0"
      object-assign "^4.1.1"
      prop-types "^15.6.2"
      scheduler "^0.18.0"
  
  react-is@^16.8.1:
    version "16.12.0"
    resolved "https://registry.yarnpkg.com/react-is/-/react-is-16.12.0.tgz#2cc0fe0fba742d97fd527c42a13bec4eeb06241c"
    integrity sha512-rPCkf/mWBtKc97aLL9/txD8DZdemK0vkA3JMLShjlJB3Pj3s+lpf1KaBzMfQrAmhMQB0n1cU/SUGgKKBCe837Q==
  
  react@^16.12.0:
    version "16.12.0"
    resolved "https://registry.yarnpkg.com/react/-/react-16.12.0.tgz#0c0a9c6a142429e3614834d5a778e18aa78a0b83"
    integrity sha512-fglqy3k5E+81pA8s+7K0/T3DBCF0ZDOher1elBFzF7O6arXJgzyu/FW+COxFvAWXJoJN9KIZbT2LXlukwphYTA==
    dependencies:
      loose-envify "^1.1.0"
      object-assign "^4.1.1"
      prop-types "^15.6.2"
  
  sanctuary-show@^1.0.0:
    version "1.0.0"
    resolved "https://registry.yarnpkg.com/sanctuary-show/-/sanctuary-show-1.0.0.tgz#72deb4812f9decec850e03286807dca1c97a1d61"
    integrity sha512-63UqNGr5M6wkzKp6eGc/Gy6JBIV2PbzPd3q88+0F9z0qydAQsCWJ+7e4oor39rEEwj2GkZMDEhqGuiMl9eEnYw==
  
  sanctuary-type-identifiers@^2.0.0:
    version "2.0.1"
    resolved "https://registry.yarnpkg.com/sanctuary-type-identifiers/-/sanctuary-type-identifiers-2.0.1.tgz#fc524cf6dd92cebfcbb0dd9509eff193159a20ed"
    integrity sha1-/FJM9t2Szr/LsN2VCe/xkxWaIO0=
  
  scheduler@^0.18.0:
    version "0.18.0"
    resolved "https://registry.yarnpkg.com/scheduler/-/scheduler-0.18.0.tgz#5901ad6659bc1d8f3fdaf36eb7a67b0d6746b1c4"
    integrity sha512-agTSHR1Nbfi6ulI0kYNK0203joW2Y5W4po4l+v03tOoiJKpTBbxpNhWDvqc/4IcOw+KLmSiQLTasZ4cab2/UWQ==
    dependencies:
      loose-envify "^1.1.0"
      object-assign "^4.1.1"
